<?xml version="1.0" encoding="UTF-8"?>
<coverage generated="1638272808229" clover="3.2.0">
  <project timestamp="1638272808229" name="All files">
    <metrics statements="47" coveredstatements="38" conditionals="8" coveredconditionals="5" methods="22" coveredmethods="14" elements="77" coveredelements="57" complexity="0" loc="47" ncloc="47" packages="7" files="13" classes="13"/>
    <package name="components">
      <metrics statements="2" coveredstatements="2" conditionals="2" coveredconditionals="2" methods="1" coveredmethods="1"/>
      <file name="RssHeader.tsx" path="/Users/simaamirkhani/Documents/codes/RSS_Logmein/src/components/RssHeader.tsx">
        <metrics statements="1" coveredstatements="1" conditionals="2" coveredconditionals="2" methods="1" coveredmethods="1"/>
        <line num="12" count="2" type="stmt"/>
      </file>
      <file name="componentStyles.ts" path="/Users/simaamirkhani/Documents/codes/RSS_Logmein/src/components/componentStyles.ts">
        <metrics statements="1" coveredstatements="1" conditionals="0" coveredconditionals="0" methods="0" coveredmethods="0"/>
        <line num="3" count="2" type="stmt"/>
      </file>
    </package>
    <package name="consts">
      <metrics statements="4" coveredstatements="4" conditionals="0" coveredconditionals="0" methods="1" coveredmethods="1"/>
      <file name="Feeds.ts" path="/Users/simaamirkhani/Documents/codes/RSS_Logmein/src/consts/Feeds.ts">
        <metrics statements="4" coveredstatements="4" conditionals="0" coveredconditionals="0" methods="1" coveredmethods="1"/>
        <line num="2" count="3" type="stmt"/>
        <line num="5" count="3" type="stmt"/>
        <line num="27" count="3" type="stmt"/>
        <line num="46" count="3" type="stmt"/>
      </file>
    </package>
    <package name="lib">
      <metrics statements="6" coveredstatements="6" conditionals="0" coveredconditionals="0" methods="2" coveredmethods="2"/>
      <file name="feedGenerator.ts" path="/Users/simaamirkhani/Documents/codes/RSS_Logmein/src/lib/feedGenerator.ts">
        <metrics statements="6" coveredstatements="6" conditionals="0" coveredconditionals="0" methods="2" coveredmethods="2"/>
        <line num="4" count="2" type="stmt"/>
        <line num="7" count="20" type="stmt"/>
        <line num="8" count="40" type="stmt"/>
        <line num="20" count="20" type="stmt"/>
        <line num="22" count="20" type="stmt"/>
        <line num="28" count="20" type="stmt"/>
      </file>
    </package>
    <package name="screens.entry">
      <metrics statements="11" coveredstatements="3" conditionals="2" coveredconditionals="0" methods="7" coveredmethods="1"/>
      <file name="Entry.tsx" path="/Users/simaamirkhani/Documents/codes/RSS_Logmein/src/screens/entry/Entry.tsx">
        <metrics statements="10" coveredstatements="2" conditionals="2" coveredconditionals="0" methods="7" coveredmethods="1"/>
        <line num="8" count="1" type="stmt"/>
        <line num="10" count="0" type="stmt"/>
        <line num="14" count="0" type="stmt"/>
        <line num="15" count="0" type="cond" truecount="0" falsecount="2"/>
        <line num="16" count="0" type="stmt"/>
        <line num="18" count="0" type="stmt"/>
        <line num="23" count="1" type="stmt"/>
        <line num="31" count="0" type="stmt"/>
        <line num="32" count="0" type="stmt"/>
        <line num="35" count="0" type="stmt"/>
      </file>
      <file name="entryStyles.ts" path="/Users/simaamirkhani/Documents/codes/RSS_Logmein/src/screens/entry/entryStyles.ts">
        <metrics statements="1" coveredstatements="1" conditionals="0" coveredconditionals="0" methods="0" coveredmethods="0"/>
        <line num="3" count="2" type="stmt"/>
      </file>
    </package>
    <package name="screens.entry.item">
      <metrics statements="1" coveredstatements="1" conditionals="0" coveredconditionals="0" methods="1" coveredmethods="1"/>
      <file name="EntryItem.tsx" path="/Users/simaamirkhani/Documents/codes/RSS_Logmein/src/screens/entry/item/EntryItem.tsx">
        <metrics statements="1" coveredstatements="1" conditionals="0" coveredconditionals="0" methods="1" coveredmethods="1"/>
        <line num="12" count="1" type="stmt"/>
      </file>
      <file name="index.ts" path="/Users/simaamirkhani/Documents/codes/RSS_Logmein/src/screens/entry/item/index.ts">
        <metrics statements="0" coveredstatements="0" conditionals="0" coveredconditionals="0" methods="0" coveredmethods="0"/>
      </file>
    </package>
    <package name="screens.feed">
      <metrics statements="22" coveredstatements="21" conditionals="4" coveredconditionals="3" methods="9" coveredmethods="7"/>
      <file name="FeedList.tsx" path="/Users/simaamirkhani/Documents/codes/RSS_Logmein/src/screens/feed/FeedList.tsx">
        <metrics statements="5" coveredstatements="4" conditionals="2" coveredconditionals="2" methods="5" coveredmethods="3"/>
        <line num="9" count="2" type="stmt"/>
        <line num="12" count="0" type="stmt"/>
        <line num="15" count="2" type="stmt"/>
        <line num="21" count="10" type="stmt"/>
        <line num="23" count="13" type="stmt"/>
      </file>
      <file name="feedHooks.tsx" path="/Users/simaamirkhani/Documents/codes/RSS_Logmein/src/screens/feed/feedHooks.tsx">
        <metrics statements="16" coveredstatements="16" conditionals="2" coveredconditionals="1" methods="4" coveredmethods="4"/>
        <line num="5" count="2" type="stmt"/>
        <line num="13" count="4" type="stmt"/>
        <line num="14" count="4" type="stmt"/>
        <line num="15" count="4" type="stmt"/>
        <line num="17" count="4" type="stmt"/>
        <line num="18" count="2" type="cond" truecount="1" falsecount="1"/>
        <line num="19" count="2" type="stmt"/>
        <line num="21" count="2" type="stmt"/>
        <line num="23" count="2" type="stmt"/>
        <line num="29" count="2" type="stmt"/>
        <line num="30" count="2" type="stmt"/>
        <line num="31" count="20" type="stmt"/>
        <line num="32" count="20" type="stmt"/>
        <line num="34" count="2" type="stmt"/>
        <line num="35" count="2" type="stmt"/>
        <line num="38" count="4" type="stmt"/>
      </file>
      <file name="feedStyles.ts" path="/Users/simaamirkhani/Documents/codes/RSS_Logmein/src/screens/feed/feedStyles.ts">
        <metrics statements="1" coveredstatements="1" conditionals="0" coveredconditionals="0" methods="0" coveredmethods="0"/>
        <line num="3" count="2" type="stmt"/>
      </file>
    </package>
    <package name="screens.feed.item">
      <metrics statements="1" coveredstatements="1" conditionals="0" coveredconditionals="0" methods="1" coveredmethods="1"/>
      <file name="FeedItem.tsx" path="/Users/simaamirkhani/Documents/codes/RSS_Logmein/src/screens/feed/item/FeedItem.tsx">
        <metrics statements="1" coveredstatements="1" conditionals="0" coveredconditionals="0" methods="1" coveredmethods="1"/>
        <line num="13" count="11" type="stmt"/>
      </file>
      <file name="index.ts" path="/Users/simaamirkhani/Documents/codes/RSS_Logmein/src/screens/feed/item/index.ts">
        <metrics statements="0" coveredstatements="0" conditionals="0" coveredconditionals="0" methods="0" coveredmethods="0"/>
      </file>
    </package>
  </project>
</coverage>
