{"/Users/simaamirkhani/Documents/codes/RSS_Logmein/src/components/RssHeader.tsx": {"path":"/Users/simaamirkhani/Documents/codes/RSS_Logmein/src/components/RssHeader.tsx","statementMap":{"0":{"start":{"line":12,"column":2},"end":{"line":20,"column":4}}},"fnMap":{"0":{"name":"RssHeader","decl":{"start":{"line":11,"column":16},"end":{"line":11,"column":25}},"loc":{"start":{"line":11,"column":65},"end":{"line":21,"column":1}},"line":11}},"branchMap":{"0":{"loc":{"start":{"line":15,"column":9},"end":{"line":15,"column":27}},"type":"binary-expr","locations":[{"start":{"line":15,"column":9},"end":{"line":15,"column":17}},{"start":{"line":15,"column":21},"end":{"line":15,"column":27}}],"line":15}},"s":{"0":2},"f":{"0":2},"b":{"0":[2,2]},"_coverageSchema":"1a1c01bbd47fc00a2c39e90264f33305004495a9","hash":"32604d5f9e95b33eeeba0785ea0d585886f999c6"}
,"/Users/simaamirkhani/Documents/codes/RSS_Logmein/src/components/componentStyles.ts": {"path":"/Users/simaamirkhani/Documents/codes/RSS_Logmein/src/components/componentStyles.ts","statementMap":{"0":{"start":{"line":3,"column":31},"end":{"line":24,"column":2}}},"fnMap":{},"branchMap":{},"s":{"0":2},"f":{},"b":{},"_coverageSchema":"1a1c01bbd47fc00a2c39e90264f33305004495a9","hash":"1217a3973873719ad90e40960a9631d0e252711f"}
,"/Users/simaamirkhani/Documents/codes/RSS_Logmein/src/consts/Feeds.ts": {"path":"/Users/simaamirkhani/Documents/codes/RSS_Logmein/src/consts/Feeds.ts","statementMap":{"0":{"start":{"line":2,"column":2},"end":{"line":2,"column":51}},"1":{"start":{"line":5,"column":24},"end":{"line":25,"column":1}},"2":{"start":{"line":27,"column":25},"end":{"line":44,"column":1}},"3":{"start":{"line":46,"column":24},"end":{"line":71,"column":1}}},"fnMap":{"0":{"name":"rndYear","decl":{"start":{"line":1,"column":9},"end":{"line":1,"column":16}},"loc":{"start":{"line":1,"column":27},"end":{"line":3,"column":1}},"line":1}},"branchMap":{},"s":{"0":3,"1":3,"2":3,"3":3},"f":{"0":3},"b":{},"_coverageSchema":"1a1c01bbd47fc00a2c39e90264f33305004495a9","hash":"131243f38d99c55bde86782c3da580b8bfb25bc8"}
,"/Users/simaamirkhani/Documents/codes/RSS_Logmein/src/lib/feedGenerator.ts": {"path":"/Users/simaamirkhani/Documents/codes/RSS_Logmein/src/lib/feedGenerator.ts","statementMap":{"0":{"start":{"line":4,"column":19},"end":{"line":4,"column":37}},"1":{"start":{"line":7,"column":2},"end":{"line":18,"column":5}},"2":{"start":{"line":8,"column":4},"end":{"line":17,"column":7}},"3":{"start":{"line":20,"column":2},"end":{"line":20,"column":34}},"4":{"start":{"line":22,"column":2},"end":{"line":26,"column":5}},"5":{"start":{"line":28,"column":2},"end":{"line":28,"column":14}}},"fnMap":{"0":{"name":"createFeed","decl":{"start":{"line":6,"column":16},"end":{"line":6,"column":26}},"loc":{"start":{"line":6,"column":35},"end":{"line":29,"column":1}},"line":6},"1":{"name":"(anonymous_1)","decl":{"start":{"line":7,"column":20},"end":{"line":7,"column":21}},"loc":{"start":{"line":7,"column":28},"end":{"line":18,"column":3}},"line":7}},"branchMap":{},"s":{"0":2,"1":20,"2":40,"3":20,"4":20,"5":20},"f":{"0":20,"1":40},"b":{},"_coverageSchema":"1a1c01bbd47fc00a2c39e90264f33305004495a9","hash":"148aa6a62ed789d14b62f1ae7a2a883da04e6a18"}
,"/Users/simaamirkhani/Documents/codes/RSS_Logmein/src/screens/entry/Entry.tsx": {"path":"/Users/simaamirkhani/Documents/codes/RSS_Logmein/src/screens/entry/Entry.tsx","statementMap":{"0":{"start":{"line":8,"column":27},"end":{"line":8,"column":39}},"1":{"start":{"line":10,"column":4},"end":{"line":10,"column":24}},"2":{"start":{"line":14,"column":4},"end":{"line":20,"column":7}},"3":{"start":{"line":15,"column":6},"end":{"line":19,"column":7}},"4":{"start":{"line":16,"column":8},"end":{"line":16,"column":29}},"5":{"start":{"line":18,"column":8},"end":{"line":18,"column":58}},"6":{"start":{"line":23,"column":2},"end":{"line":39,"column":4}},"7":{"start":{"line":31,"column":10},"end":{"line":33,"column":12}},"8":{"start":{"line":32,"column":38},"end":{"line":32,"column":61}},"9":{"start":{"line":35,"column":39},"end":{"line":35,"column":55}}},"fnMap":{"0":{"name":"Entry","decl":{"start":{"line":7,"column":24},"end":{"line":7,"column":29}},"loc":{"start":{"line":7,"column":73},"end":{"line":40,"column":1}},"line":7},"1":{"name":"onBackPress","decl":{"start":{"line":9,"column":11},"end":{"line":9,"column":22}},"loc":{"start":{"line":9,"column":25},"end":{"line":11,"column":3}},"line":9},"2":{"name":"onEntryPress","decl":{"start":{"line":13,"column":11},"end":{"line":13,"column":23}},"loc":{"start":{"line":13,"column":37},"end":{"line":21,"column":3}},"line":13},"3":{"name":"(anonymous_3)","decl":{"start":{"line":14,"column":33},"end":{"line":14,"column":34}},"loc":{"start":{"line":14,"column":46},"end":{"line":20,"column":5}},"line":14},"4":{"name":"(anonymous_4)","decl":{"start":{"line":30,"column":20},"end":{"line":30,"column":21}},"loc":{"start":{"line":30,"column":32},"end":{"line":34,"column":9}},"line":30},"5":{"name":"(anonymous_5)","decl":{"start":{"line":32,"column":32},"end":{"line":32,"column":33}},"loc":{"start":{"line":32,"column":38},"end":{"line":32,"column":61}},"line":32},"6":{"name":"(anonymous_6)","decl":{"start":{"line":35,"column":22},"end":{"line":35,"column":23}},"loc":{"start":{"line":35,"column":39},"end":{"line":35,"column":55}},"line":35}},"branchMap":{"0":{"loc":{"start":{"line":15,"column":6},"end":{"line":19,"column":7}},"type":"if","locations":[{"start":{"line":15,"column":6},"end":{"line":19,"column":7}},{"start":{"line":17,"column":13},"end":{"line":19,"column":7}}],"line":15}},"s":{"0":1,"1":0,"2":0,"3":0,"4":0,"5":0,"6":1,"7":0,"8":0,"9":0},"f":{"0":1,"1":0,"2":0,"3":0,"4":0,"5":0,"6":0},"b":{"0":[0,0]},"_coverageSchema":"1a1c01bbd47fc00a2c39e90264f33305004495a9","hash":"d5686e484d6399ad0b8a3beb7a1dbc53dde390f6"}
,"/Users/simaamirkhani/Documents/codes/RSS_Logmein/src/screens/entry/entryStyles.ts": {"path":"/Users/simaamirkhani/Documents/codes/RSS_Logmein/src/screens/entry/entryStyles.ts","statementMap":{"0":{"start":{"line":3,"column":27},"end":{"line":14,"column":2}}},"fnMap":{},"branchMap":{},"s":{"0":2},"f":{},"b":{},"_coverageSchema":"1a1c01bbd47fc00a2c39e90264f33305004495a9","hash":"bc245018507d6eb3c6c34b1cc545bd21576ca148"}
,"/Users/simaamirkhani/Documents/codes/RSS_Logmein/src/screens/entry/item/EntryItem.tsx": {"path":"/Users/simaamirkhani/Documents/codes/RSS_Logmein/src/screens/entry/item/EntryItem.tsx","statementMap":{"0":{"start":{"line":12,"column":2},"end":{"line":20,"column":4}}},"fnMap":{"0":{"name":"EntryItem","decl":{"start":{"line":11,"column":16},"end":{"line":11,"column":25}},"loc":{"start":{"line":11,"column":51},"end":{"line":21,"column":1}},"line":11}},"branchMap":{},"s":{"0":1},"f":{"0":1},"b":{},"_coverageSchema":"1a1c01bbd47fc00a2c39e90264f33305004495a9","hash":"8a6563f639b7b816cd9635c888806f77c2d46a0a"}
,"/Users/simaamirkhani/Documents/codes/RSS_Logmein/src/screens/entry/item/index.ts": {"path":"/Users/simaamirkhani/Documents/codes/RSS_Logmein/src/screens/entry/item/index.ts","statementMap":{},"fnMap":{},"branchMap":{},"s":{},"f":{},"b":{},"_coverageSchema":"1a1c01bbd47fc00a2c39e90264f33305004495a9","hash":"80835a8336fc051adc34346d510acf0a6320997c"}
,"/Users/simaamirkhani/Documents/codes/RSS_Logmein/src/screens/feed/FeedList.tsx": {"path":"/Users/simaamirkhani/Documents/codes/RSS_Logmein/src/screens/feed/FeedList.tsx","statementMap":{"0":{"start":{"line":9,"column":27},"end":{"line":9,"column":38}},"1":{"start":{"line":12,"column":4},"end":{"line":12,"column":39}},"2":{"start":{"line":15,"column":2},"end":{"line":26,"column":4}},"3":{"start":{"line":21,"column":10},"end":{"line":21,"column":72}},"4":{"start":{"line":21,"column":35},"end":{"line":21,"column":56}},"5":{"start":{"line":23,"column":39},"end":{"line":23,"column":55}}},"fnMap":{"0":{"name":"FeedList","decl":{"start":{"line":8,"column":9},"end":{"line":8,"column":17}},"loc":{"start":{"line":8,"column":70},"end":{"line":27,"column":1}},"line":8},"1":{"name":"onFeedItemPress","decl":{"start":{"line":11,"column":11},"end":{"line":11,"column":26}},"loc":{"start":{"line":11,"column":45},"end":{"line":13,"column":3}},"line":11},"2":{"name":"(anonymous_2)","decl":{"start":{"line":20,"column":20},"end":{"line":20,"column":21}},"loc":{"start":{"line":21,"column":10},"end":{"line":21,"column":72}},"line":21},"3":{"name":"(anonymous_3)","decl":{"start":{"line":21,"column":29},"end":{"line":21,"column":30}},"loc":{"start":{"line":21,"column":35},"end":{"line":21,"column":56}},"line":21},"4":{"name":"(anonymous_4)","decl":{"start":{"line":23,"column":22},"end":{"line":23,"column":23}},"loc":{"start":{"line":23,"column":39},"end":{"line":23,"column":55}},"line":23}},"branchMap":{"0":{"loc":{"start":{"line":17,"column":7},"end":{"line":17,"column":61}},"type":"binary-expr","locations":[{"start":{"line":17,"column":7},"end":{"line":17,"column":14}},{"start":{"line":17,"column":18},"end":{"line":17,"column":61}}],"line":17}},"s":{"0":2,"1":0,"2":2,"3":10,"4":0,"5":13},"f":{"0":2,"1":0,"2":10,"3":0,"4":13},"b":{"0":[2,1]},"_coverageSchema":"1a1c01bbd47fc00a2c39e90264f33305004495a9","hash":"299a7de1c83e2893b5d0ad83803bc350892305c6"}
,"/Users/simaamirkhani/Documents/codes/RSS_Logmein/src/screens/feed/feedHooks.tsx": {"path":"/Users/simaamirkhani/Documents/codes/RSS_Logmein/src/screens/feed/feedHooks.tsx","statementMap":{"0":{"start":{"line":5,"column":18},"end":{"line":5,"column":20}},"1":{"start":{"line":13,"column":28},"end":{"line":13,"column":48}},"2":{"start":{"line":14,"column":32},"end":{"line":14,"column":55}},"3":{"start":{"line":15,"column":16},"end":{"line":15,"column":20}},"4":{"start":{"line":17,"column":2},"end":{"line":25,"column":9}},"5":{"start":{"line":18,"column":4},"end":{"line":20,"column":5}},"6":{"start":{"line":19,"column":6},"end":{"line":19,"column":19}},"7":{"start":{"line":21,"column":4},"end":{"line":24,"column":6}},"8":{"start":{"line":23,"column":6},"end":{"line":23,"column":22}},"9":{"start":{"line":29,"column":24},"end":{"line":29,"column":26}},"10":{"start":{"line":30,"column":4},"end":{"line":33,"column":5}},"11":{"start":{"line":30,"column":21},"end":{"line":30,"column":22}},"12":{"start":{"line":31,"column":22},"end":{"line":31,"column":34}},"13":{"start":{"line":32,"column":6},"end":{"line":32,"column":32}},"14":{"start":{"line":34,"column":4},"end":{"line":34,"column":26}},"15":{"start":{"line":35,"column":4},"end":{"line":35,"column":22}},"16":{"start":{"line":38,"column":2},"end":{"line":41,"column":4}}},"fnMap":{"0":{"name":"FeedHooks","decl":{"start":{"line":12,"column":16},"end":{"line":12,"column":25}},"loc":{"start":{"line":12,"column":43},"end":{"line":42,"column":1}},"line":12},"1":{"name":"(anonymous_1)","decl":{"start":{"line":17,"column":12},"end":{"line":17,"column":13}},"loc":{"start":{"line":17,"column":18},"end":{"line":25,"column":3}},"line":17},"2":{"name":"(anonymous_2)","decl":{"start":{"line":21,"column":11},"end":{"line":21,"column":12}},"loc":{"start":{"line":21,"column":17},"end":{"line":24,"column":5}},"line":21},"3":{"name":"fetchFeeds","decl":{"start":{"line":27,"column":17},"end":{"line":27,"column":27}},"loc":{"start":{"line":27,"column":30},"end":{"line":36,"column":3}},"line":27}},"branchMap":{"0":{"loc":{"start":{"line":18,"column":4},"end":{"line":20,"column":5}},"type":"if","locations":[{"start":{"line":18,"column":4},"end":{"line":20,"column":5}},{"start":{},"end":{}}],"line":18}},"s":{"0":2,"1":4,"2":4,"3":4,"4":4,"5":2,"6":2,"7":2,"8":2,"9":2,"10":2,"11":2,"12":20,"13":20,"14":2,"15":2,"16":4},"f":{"0":4,"1":2,"2":2,"3":2},"b":{"0":[2,0]},"_coverageSchema":"1a1c01bbd47fc00a2c39e90264f33305004495a9","hash":"b250268835d8dd5639ffb02c50fe43eb7929790d"}
,"/Users/simaamirkhani/Documents/codes/RSS_Logmein/src/screens/feed/feedStyles.ts": {"path":"/Users/simaamirkhani/Documents/codes/RSS_Logmein/src/screens/feed/feedStyles.ts","statementMap":{"0":{"start":{"line":3,"column":26},"end":{"line":11,"column":2}}},"fnMap":{},"branchMap":{},"s":{"0":2},"f":{},"b":{},"_coverageSchema":"1a1c01bbd47fc00a2c39e90264f33305004495a9","hash":"b6ac2b81cb4f87c1f211586b2531e72617d90c19"}
,"/Users/simaamirkhani/Documents/codes/RSS_Logmein/src/screens/feed/item/FeedItem.tsx": {"path":"/Users/simaamirkhani/Documents/codes/RSS_Logmein/src/screens/feed/item/FeedItem.tsx","statementMap":{"0":{"start":{"line":13,"column":2},"end":{"line":24,"column":4}}},"fnMap":{"0":{"name":"FeedItem","decl":{"start":{"line":12,"column":16},"end":{"line":12,"column":24}},"loc":{"start":{"line":12,"column":49},"end":{"line":25,"column":1}},"line":12}},"branchMap":{},"s":{"0":11},"f":{"0":11},"b":{},"_coverageSchema":"1a1c01bbd47fc00a2c39e90264f33305004495a9","hash":"aa81de88026cd4fd962efff45944cc265e2b22e5"}
,"/Users/simaamirkhani/Documents/codes/RSS_Logmein/src/screens/feed/item/index.ts": {"path":"/Users/simaamirkhani/Documents/codes/RSS_Logmein/src/screens/feed/item/index.ts","statementMap":{},"fnMap":{},"branchMap":{},"s":{},"f":{},"b":{},"_coverageSchema":"1a1c01bbd47fc00a2c39e90264f33305004495a9","hash":"79b6c7c6fe2416d6541485b2c5f404afaad00541"}
}
