TN:
SF:src/components/RssHeader.tsx
FN:11,RssHeader
FNF:1
FNH:1
FNDA:2,RssHeader
DA:12,2
LF:1
LH:1
BRDA:15,0,0,2
BRDA:15,0,1,2
BRF:2
BRH:2
end_of_record
TN:
SF:src/components/componentStyles.ts
FNF:0
FNH:0
DA:3,2
LF:1
LH:1
BRF:0
BRH:0
end_of_record
TN:
SF:src/consts/Feeds.ts
FN:1,rndYear
FNF:1
FNH:1
FNDA:3,rndYear
DA:2,3
DA:5,3
DA:27,3
DA:46,3
LF:4
LH:4
BRF:0
BRH:0
end_of_record
TN:
SF:src/lib/feedGenerator.ts
FN:6,createFeed
FN:7,(anonymous_1)
FNF:2
FNH:2
FNDA:20,createFeed
FNDA:40,(anonymous_1)
DA:4,2
DA:7,20
DA:8,40
DA:20,20
DA:22,20
DA:28,20
LF:6
LH:6
BRF:0
BRH:0
end_of_record
TN:
SF:src/screens/entry/Entry.tsx
FN:7,Entry
FN:9,onBackPress
FN:13,onEntryPress
FN:14,(anonymous_3)
FN:30,(anonymous_4)
FN:32,(anonymous_5)
FN:35,(anonymous_6)
FNF:7
FNH:1
FNDA:1,Entry
FNDA:0,onBackPress
FNDA:0,onEntryPress
FNDA:0,(anonymous_3)
FNDA:0,(anonymous_4)
FNDA:0,(anonymous_5)
FNDA:0,(anonymous_6)
DA:8,1
DA:10,0
DA:14,0
DA:15,0
DA:16,0
DA:18,0
DA:23,1
DA:31,0
DA:32,0
DA:35,0
LF:10
LH:2
BRDA:15,0,0,0
BRDA:15,0,1,0
BRF:2
BRH:0
end_of_record
TN:
SF:src/screens/entry/entryStyles.ts
FNF:0
FNH:0
DA:3,2
LF:1
LH:1
BRF:0
BRH:0
end_of_record
TN:
SF:src/screens/entry/item/EntryItem.tsx
FN:11,EntryItem
FNF:1
FNH:1
FNDA:1,EntryItem
DA:12,1
LF:1
LH:1
BRF:0
BRH:0
end_of_record
TN:
SF:src/screens/entry/item/index.ts
FNF:0
FNH:0
LF:0
LH:0
BRF:0
BRH:0
end_of_record
TN:
SF:src/screens/feed/FeedList.tsx
FN:8,FeedList
FN:11,onFeedItemPress
FN:20,(anonymous_2)
FN:21,(anonymous_3)
FN:23,(anonymous_4)
FNF:5
FNH:3
FNDA:2,FeedList
FNDA:0,onFeedItemPress
FNDA:10,(anonymous_2)
FNDA:0,(anonymous_3)
FNDA:13,(anonymous_4)
DA:9,2
DA:12,0
DA:15,2
DA:21,10
DA:23,13
LF:5
LH:4
BRDA:17,0,0,2
BRDA:17,0,1,1
BRF:2
BRH:2
end_of_record
TN:
SF:src/screens/feed/feedHooks.tsx
FN:12,FeedHooks
FN:17,(anonymous_1)
FN:21,(anonymous_2)
FN:27,fetchFeeds
FNF:4
FNH:4
FNDA:4,FeedHooks
FNDA:2,(anonymous_1)
FNDA:2,(anonymous_2)
FNDA:2,fetchFeeds
DA:5,2
DA:13,4
DA:14,4
DA:15,4
DA:17,4
DA:18,2
DA:19,2
DA:21,2
DA:23,2
DA:29,2
DA:30,2
DA:31,20
DA:32,20
DA:34,2
DA:35,2
DA:38,4
LF:16
LH:16
BRDA:18,0,0,2
BRDA:18,0,1,0
BRF:2
BRH:1
end_of_record
TN:
SF:src/screens/feed/feedStyles.ts
FNF:0
FNH:0
DA:3,2
LF:1
LH:1
BRF:0
BRH:0
end_of_record
TN:
SF:src/screens/feed/item/FeedItem.tsx
FN:12,FeedItem
FNF:1
FNH:1
FNDA:11,FeedItem
DA:13,11
LF:1
LH:1
BRF:0
BRH:0
end_of_record
TN:
SF:src/screens/feed/item/index.ts
FNF:0
FNH:0
LF:0
LH:0
BRF:0
BRH:0
end_of_record
